<?xml version="1.0" encoding="UTF-8"?>
<!-- Generated by org.testng.reporters.JUnitReportReporter -->
<testsuite hostname="KG-GSSL1048" failures="0" tests="1" name="testcases.TC002_Login_test" time="2.313" errors="0" timestamp="2024-11-30T12:56:37 IST" skipped="0">
  <testcase classname="testcases.TC002_Login_test" name="verify_login" time="2.313"/>
</testsuite> <!-- testcases.TC002_Login_test -->
