<?xml version="1.0" encoding="UTF-8"?>
<!-- Generated by org.testng.reporters.JUnitReportReporter -->
<testsuite hostname="KG-GSSL1048" failures="0" tests="1" name="test.test" time="0.009" errors="0" timestamp="2024-11-18T22:13:44 IST" skipped="0">
  <testcase classname="test.test" name="taste" time="0.009"/>
</testsuite> <!-- test.test -->
