<?xml version="1.0" encoding="UTF-8"?>
<!-- Generated by org.testng.reporters.JUnitReportReporter -->
<testsuite hostname="KG-GSSL1048" failures="0" tests="1" name="testcases.TC001_Account_registration" time="2.406" errors="0" timestamp="2024-11-30T12:56:37 IST" skipped="0">
  <testcase classname="testcases.TC001_Account_registration" name="Verify_Account_registration" time="2.406"/>
</testsuite> <!-- testcases.TC001_Account_registration -->
