<?xml version="1.0" encoding="UTF-8"?>
<!-- Generated by org.testng.reporters.JUnitReportReporter -->
<testsuite hostname="KG-GSSL1048" failures="0" tests="1" name="testcases.TC001_Account_registration" time="6.075" errors="0" timestamp="2024-12-02T12:41:15 IST" skipped="0">
  <testcase classname="testcases.TC001_Account_registration" name="Verify_Account_registration" time="6.075"/>
</testsuite> <!-- testcases.TC001_Account_registration -->
